<?xml version="1.0" encoding="UTF-8"?>
<!-- Generated by org.testng.reporters.JUnitReportReporter -->
<testsuite hostname="CISPL-IO-318" failures="0" tests="1" name="Selenium_Framwork.framwork_design.StandAloneTest" time="14.070" errors="0" timestamp="2025-07-21T00:53:59 IST" skipped="0">
  <testcase classname="Selenium_Framwork.framwork_design.StandAloneTest" name="standAloneTest" time="14.070"/>
</testsuite> <!-- Selenium_Framwork.framwork_design.StandAloneTest -->
